2025-12-30 09:03:27,509 INFO com.example.library.LibraryApplicationTests [main] Starting LibraryApplicationTests using Java 17.0.17 with PID 22664 (started by Muhammad Iqbal in D:\personalProject\Library\Backend)
2025-12-30 09:03:27,514 INFO com.example.library.LibraryApplicationTests [main] The following 1 profile is active: "dev"
2025-12-30 09:03:28,444 INFO org.springframework.data.repository.config.RepositoryConfigurationDelegate [main] Bootstrapping Spring Data JPA repositories in DEFAULT mode.
2025-12-30 09:03:28,636 INFO org.springframework.data.repository.config.RepositoryConfigurationDelegate [main] Finished Spring Data repository scanning in 178 ms. Found 5 JPA repository interfaces.
2025-12-30 09:03:29,262 INFO org.hibernate.jpa.internal.util.LogHelper [main] HHH000204: Processing PersistenceUnitInfo [name: default]
2025-12-30 09:03:29,349 INFO org.hibernate.Version [main] HHH000412: Hibernate ORM core version 6.6.11.Final
2025-12-30 09:03:29,398 INFO org.hibernate.cache.internal.RegionFactoryInitiator [main] HHH000026: Second-level cache disabled
2025-12-30 09:03:29,787 INFO org.springframework.orm.jpa.persistenceunit.SpringPersistenceUnitInfo [main] No LoadTimeWeaver setup: ignoring JPA class transformer
2025-12-30 09:03:29,821 INFO com.zaxxer.hikari.HikariDataSource [main] HikariPool-1 - Starting...
2025-12-30 09:03:30,022 INFO com.zaxxer.hikari.pool.HikariPool [main] HikariPool-1 - Added connection org.postgresql.jdbc.PgConnection@4e96cb04
2025-12-30 09:03:30,024 INFO com.zaxxer.hikari.HikariDataSource [main] HikariPool-1 - Start completed.
2025-12-30 09:03:30,070 WARN org.hibernate.orm.deprecation [main] HHH90000025: PostgreSQLDialect does not need to be specified explicitly using 'hibernate.dialect' (remove the property setting and it will be selected by default)
2025-12-30 09:03:30,091 INFO org.hibernate.orm.connections.pooling [main] HHH10001005: Database info:
	Database JDBC URL [Connecting through datasource 'HikariDataSource (HikariPool-1)']
	Database driver: undefined/unknown
	Database version: 18.1
	Autocommit mode: undefined/unknown
	Isolation level: undefined/unknown
	Minimum pool size: undefined/unknown
	Maximum pool size: undefined/unknown
2025-12-30 09:03:30,974 INFO org.hibernate.engine.transaction.jta.platform.internal.JtaPlatformInitiator [main] HHH000489: No JTA platform available (set 'hibernate.transaction.jta.platform' to enable JTA platform integration)
2025-12-30 09:03:31,175 INFO org.springframework.orm.jpa.LocalContainerEntityManagerFactoryBean [main] Initialized JPA EntityManagerFactory for persistence unit 'default'
2025-12-30 09:03:32,155 WARN org.springframework.boot.autoconfigure.orm.jpa.JpaBaseConfiguration$JpaWebConfiguration [main] spring.jpa.open-in-view is enabled by default. Therefore, database queries may be performed during view rendering. Explicitly configure spring.jpa.open-in-view to disable this warning
2025-12-30 09:03:32,922 INFO com.example.library.LibraryApplicationTests [main] Started LibraryApplicationTests in 5.766 seconds (process running for 6.955)
2025-12-30 09:03:33,408 INFO org.springframework.orm.jpa.LocalContainerEntityManagerFactoryBean [SpringApplicationShutdownHook] Closing JPA EntityManagerFactory for persistence unit 'default'
2025-12-30 09:03:33,412 INFO com.zaxxer.hikari.HikariDataSource [SpringApplicationShutdownHook] HikariPool-1 - Shutdown initiated...
2025-12-30 09:03:33,415 INFO com.zaxxer.hikari.HikariDataSource [SpringApplicationShutdownHook] HikariPool-1 - Shutdown completed.
2025-12-30 09:14:15,129 INFO com.example.library.LibraryApplication [restartedMain] Starting LibraryApplication using Java 17.0.17 with PID 22256 (D:\personalProject\Library\Backend\target\classes started by Muhammad Iqbal in D:\personalProject\Library\Backend)
2025-12-30 09:14:15,129 INFO com.example.library.LibraryApplication [restartedMain] The following 1 profile is active: "dev"
2025-12-30 09:14:15,163 INFO org.springframework.boot.devtools.restart.ChangeableUrls [restartedMain] The Class-Path manifest attribute in C:\Users\Muhammad Iqbal\.m2\repository\io\github\cdimascio\java-dotenv\5.2.2\java-dotenv-5.2.2.jar referenced one or more files that do not exist: file:/C:/Users/Muhammad%20Iqbal/.m2/repository/io/github/cdimascio/java-dotenv/5.2.2/kotlin-stdlib-1.4.0.jar,file:/C:/Users/Muhammad%20Iqbal/.m2/repository/io/github/cdimascio/java-dotenv/5.2.2/kotlin-stdlib-common-1.4.0.jar,file:/C:/Users/Muhammad%20Iqbal/.m2/repository/io/github/cdimascio/java-dotenv/5.2.2/annotations-13.0.jar
2025-12-30 09:14:15,163 INFO org.springframework.boot.devtools.env.DevToolsPropertyDefaultsPostProcessor [restartedMain] Devtools property defaults active! Set 'spring.devtools.add-properties' to 'false' to disable
2025-12-30 09:14:15,163 INFO org.springframework.boot.devtools.env.DevToolsPropertyDefaultsPostProcessor [restartedMain] For additional web related logging consider setting the 'logging.level.web' property to 'DEBUG'
2025-12-30 09:14:15,708 INFO org.springframework.data.repository.config.RepositoryConfigurationDelegate [restartedMain] Bootstrapping Spring Data JPA repositories in DEFAULT mode.
2025-12-30 09:14:15,835 INFO org.springframework.data.repository.config.RepositoryConfigurationDelegate [restartedMain] Finished Spring Data repository scanning in 108 ms. Found 5 JPA repository interfaces.
2025-12-30 09:14:16,278 INFO org.springframework.boot.web.embedded.tomcat.TomcatWebServer [restartedMain] Tomcat initialized with port 2112 (http)
2025-12-30 09:14:16,278 INFO org.apache.catalina.core.StandardService [restartedMain] Starting service [Tomcat]
2025-12-30 09:14:16,278 INFO org.apache.catalina.core.StandardEngine [restartedMain] Starting Servlet engine: [Apache Tomcat/10.1.39]
2025-12-30 09:14:16,325 INFO org.apache.catalina.core.ContainerBase.[Tomcat].[localhost].[/] [restartedMain] Initializing Spring embedded WebApplicationContext
2025-12-30 09:14:16,325 INFO org.springframework.boot.web.servlet.context.ServletWebServerApplicationContext [restartedMain] Root WebApplicationContext: initialization completed in 1162 ms
2025-12-30 09:14:16,436 INFO org.hibernate.jpa.internal.util.LogHelper [restartedMain] HHH000204: Processing PersistenceUnitInfo [name: default]
2025-12-30 09:14:16,468 INFO org.hibernate.Version [restartedMain] HHH000412: Hibernate ORM core version 6.6.11.Final
2025-12-30 09:14:16,487 INFO org.hibernate.cache.internal.RegionFactoryInitiator [restartedMain] HHH000026: Second-level cache disabled
2025-12-30 09:14:16,676 INFO org.springframework.orm.jpa.persistenceunit.SpringPersistenceUnitInfo [restartedMain] No LoadTimeWeaver setup: ignoring JPA class transformer
2025-12-30 09:14:16,692 INFO com.zaxxer.hikari.HikariDataSource [restartedMain] HikariPool-1 - Starting...
2025-12-30 09:14:16,835 INFO com.zaxxer.hikari.pool.HikariPool [restartedMain] HikariPool-1 - Added connection org.postgresql.jdbc.PgConnection@26fe972a
2025-12-30 09:14:16,835 INFO com.zaxxer.hikari.HikariDataSource [restartedMain] HikariPool-1 - Start completed.
2025-12-30 09:14:16,868 WARN org.hibernate.orm.deprecation [restartedMain] HHH90000025: PostgreSQLDialect does not need to be specified explicitly using 'hibernate.dialect' (remove the property setting and it will be selected by default)
2025-12-30 09:14:16,883 INFO org.hibernate.orm.connections.pooling [restartedMain] HHH10001005: Database info:
	Database JDBC URL [Connecting through datasource 'HikariDataSource (HikariPool-1)']
	Database driver: undefined/unknown
	Database version: 18.1
	Autocommit mode: undefined/unknown
	Isolation level: undefined/unknown
	Minimum pool size: undefined/unknown
	Maximum pool size: undefined/unknown
2025-12-30 09:14:17,482 INFO org.hibernate.engine.transaction.jta.platform.internal.JtaPlatformInitiator [restartedMain] HHH000489: No JTA platform available (set 'hibernate.transaction.jta.platform' to enable JTA platform integration)
2025-12-30 09:14:17,625 INFO org.springframework.orm.jpa.LocalContainerEntityManagerFactoryBean [restartedMain] Initialized JPA EntityManagerFactory for persistence unit 'default'
2025-12-30 09:14:17,988 WARN org.springframework.boot.autoconfigure.orm.jpa.JpaBaseConfiguration$JpaWebConfiguration [restartedMain] spring.jpa.open-in-view is enabled by default. Therefore, database queries may be performed during view rendering. Explicitly configure spring.jpa.open-in-view to disable this warning
2025-12-30 09:14:18,230 INFO org.springframework.boot.devtools.autoconfigure.OptionalLiveReloadServer [restartedMain] LiveReload server is running on port 35729
2025-12-30 09:14:18,295 INFO org.springframework.boot.web.embedded.tomcat.TomcatWebServer [restartedMain] Tomcat started on port 2112 (http) with context path '/'
2025-12-30 09:14:18,302 INFO com.example.library.LibraryApplication [restartedMain] Started LibraryApplication in 3.514 seconds (process running for 3.859)
2025-12-30 09:14:30,730 INFO org.apache.catalina.core.ContainerBase.[Tomcat].[localhost].[/] [http-nio-2112-exec-1] Initializing Spring DispatcherServlet 'dispatcherServlet'
2025-12-30 09:14:30,730 INFO org.springframework.web.servlet.DispatcherServlet [http-nio-2112-exec-1] Initializing Servlet 'dispatcherServlet'
2025-12-30 09:14:30,730 INFO org.springframework.web.servlet.DispatcherServlet [http-nio-2112-exec-1] Completed initialization in 0 ms
2025-12-30 09:14:31,427 INFO org.springdoc.api.AbstractOpenApiResource [http-nio-2112-exec-8] Init duration for springdoc-openapi is: 504 ms
2025-12-30 09:16:21,660 INFO com.example.library.controller.Admin.BookAdminController [http-nio-2112-exec-6] Get all books data
2025-12-30 09:16:21,660 INFO com.example.library.Services.BookService [http-nio-2112-exec-6] Getting all books data
2025-12-30 09:16:21,814 INFO com.example.library.Services.BookService [http-nio-2112-exec-6] All books retrieved: StatusResponseList(status=Success, message=Books retrieved successfully, data=[ResponseDataBook(IdBook=1, BookName=Clean Code, TotalPage=464, Publisher=Prentice Hall, Author=Robert C. Martin, ReleaseYear=2008, Stock=5, CoverBase64=null, CoverUrl=null), ResponseDataBook(IdBook=2, BookName=The Pragmatic Programmer, TotalPage=352, Publisher=Addison-Wesley, Author=Andrew Hunt, ReleaseYear=1999, Stock=3, CoverBase64=null, CoverUrl=null), ResponseDataBook(IdBook=3, BookName=Design Patterns, TotalPage=395, Publisher=Addison-Wesley, Author=Erich Gamma, ReleaseYear=1994, Stock=4, CoverBase64=null, CoverUrl=null), ResponseDataBook(IdBook=4, BookName=Introduction to Algorithms, TotalPage=1312, Publisher=MIT Press, Author=Thomas H. Cormen, ReleaseYear=2009, Stock=2, CoverBase64=null, CoverUrl=null), ResponseDataBook(IdBook=5, BookName=Refactoring, TotalPage=448, Publisher=Addison-Wesley, Author=Martin Fowler, ReleaseYear=2018, Stock=6, CoverBase64=null, CoverUrl=null), ResponseDataBook(IdBook=6, BookName=null, TotalPage=123, Publisher=kunkun, Author=me, ReleaseYear=2025, Stock=4, CoverBase64=null, CoverUrl=null), ResponseDataBook(IdBook=7, BookName=sdsada, TotalPage=213, Publisher=dasda, Author=dsada, ReleaseYear=2025, Stock=9, CoverBase64=null, CoverUrl=null)], responseCode=200, timestamp=30-12-2025 09:14:17)
2025-12-30 09:16:21,832 INFO com.example.library.controller.Admin.BookAdminController [http-nio-2112-exec-7] Get all books data
2025-12-30 09:16:21,832 INFO com.example.library.Services.BookService [http-nio-2112-exec-7] Getting all books data
2025-12-30 09:16:21,837 INFO com.example.library.Services.BookService [http-nio-2112-exec-7] All books retrieved: StatusResponseList(status=Success, message=Books retrieved successfully, data=[ResponseDataBook(IdBook=1, BookName=Clean Code, TotalPage=464, Publisher=Prentice Hall, Author=Robert C. Martin, ReleaseYear=2008, Stock=5, CoverBase64=null, CoverUrl=null), ResponseDataBook(IdBook=2, BookName=The Pragmatic Programmer, TotalPage=352, Publisher=Addison-Wesley, Author=Andrew Hunt, ReleaseYear=1999, Stock=3, CoverBase64=null, CoverUrl=null), ResponseDataBook(IdBook=3, BookName=Design Patterns, TotalPage=395, Publisher=Addison-Wesley, Author=Erich Gamma, ReleaseYear=1994, Stock=4, CoverBase64=null, CoverUrl=null), ResponseDataBook(IdBook=4, BookName=Introduction to Algorithms, TotalPage=1312, Publisher=MIT Press, Author=Thomas H. Cormen, ReleaseYear=2009, Stock=2, CoverBase64=null, CoverUrl=null), ResponseDataBook(IdBook=5, BookName=Refactoring, TotalPage=448, Publisher=Addison-Wesley, Author=Martin Fowler, ReleaseYear=2018, Stock=6, CoverBase64=null, CoverUrl=null), ResponseDataBook(IdBook=6, BookName=null, TotalPage=123, Publisher=kunkun, Author=me, ReleaseYear=2025, Stock=4, CoverBase64=null, CoverUrl=null), ResponseDataBook(IdBook=7, BookName=sdsada, TotalPage=213, Publisher=dasda, Author=dsada, ReleaseYear=2025, Stock=9, CoverBase64=null, CoverUrl=null)], responseCode=200, timestamp=30-12-2025 09:14:17)
2025-12-30 09:42:34,969 INFO com.example.library.controller.Admin.BookAdminController [http-nio-2112-exec-9] Get all books data
2025-12-30 09:42:34,969 INFO com.example.library.Services.BookService [http-nio-2112-exec-9] Getting all books data
2025-12-30 09:42:34,969 INFO com.example.library.Services.BookService [http-nio-2112-exec-9] All books retrieved: StatusResponseList(status=Success, message=Books retrieved successfully, data=[ResponseDataBook(IdBook=1, BookName=Clean Code, TotalPage=464, Publisher=Prentice Hall, Author=Robert C. Martin, ReleaseYear=2008, Stock=5, CoverBase64=null, CoverUrl=null), ResponseDataBook(IdBook=2, BookName=The Pragmatic Programmer, TotalPage=352, Publisher=Addison-Wesley, Author=Andrew Hunt, ReleaseYear=1999, Stock=3, CoverBase64=null, CoverUrl=null), ResponseDataBook(IdBook=3, BookName=Design Patterns, TotalPage=395, Publisher=Addison-Wesley, Author=Erich Gamma, ReleaseYear=1994, Stock=4, CoverBase64=null, CoverUrl=null), ResponseDataBook(IdBook=4, BookName=Introduction to Algorithms, TotalPage=1312, Publisher=MIT Press, Author=Thomas H. Cormen, ReleaseYear=2009, Stock=2, CoverBase64=null, CoverUrl=null), ResponseDataBook(IdBook=5, BookName=Refactoring, TotalPage=448, Publisher=Addison-Wesley, Author=Martin Fowler, ReleaseYear=2018, Stock=6, CoverBase64=null, CoverUrl=null), ResponseDataBook(IdBook=6, BookName=null, TotalPage=123, Publisher=kunkun, Author=me, ReleaseYear=2025, Stock=4, CoverBase64=null, CoverUrl=null), ResponseDataBook(IdBook=7, BookName=sdsada, TotalPage=213, Publisher=dasda, Author=dsada, ReleaseYear=2025, Stock=9, CoverBase64=null, CoverUrl=null)], responseCode=200, timestamp=30-12-2025 09:14:17)
2025-12-30 09:42:34,985 INFO com.example.library.controller.Admin.BookAdminController [http-nio-2112-exec-1] Get all books data
2025-12-30 09:42:34,985 INFO com.example.library.Services.BookService [http-nio-2112-exec-1] Getting all books data
2025-12-30 09:42:34,985 INFO com.example.library.Services.BookService [http-nio-2112-exec-1] All books retrieved: StatusResponseList(status=Success, message=Books retrieved successfully, data=[ResponseDataBook(IdBook=1, BookName=Clean Code, TotalPage=464, Publisher=Prentice Hall, Author=Robert C. Martin, ReleaseYear=2008, Stock=5, CoverBase64=null, CoverUrl=null), ResponseDataBook(IdBook=2, BookName=The Pragmatic Programmer, TotalPage=352, Publisher=Addison-Wesley, Author=Andrew Hunt, ReleaseYear=1999, Stock=3, CoverBase64=null, CoverUrl=null), ResponseDataBook(IdBook=3, BookName=Design Patterns, TotalPage=395, Publisher=Addison-Wesley, Author=Erich Gamma, ReleaseYear=1994, Stock=4, CoverBase64=null, CoverUrl=null), ResponseDataBook(IdBook=4, BookName=Introduction to Algorithms, TotalPage=1312, Publisher=MIT Press, Author=Thomas H. Cormen, ReleaseYear=2009, Stock=2, CoverBase64=null, CoverUrl=null), ResponseDataBook(IdBook=5, BookName=Refactoring, TotalPage=448, Publisher=Addison-Wesley, Author=Martin Fowler, ReleaseYear=2018, Stock=6, CoverBase64=null, CoverUrl=null), ResponseDataBook(IdBook=6, BookName=null, TotalPage=123, Publisher=kunkun, Author=me, ReleaseYear=2025, Stock=4, CoverBase64=null, CoverUrl=null), ResponseDataBook(IdBook=7, BookName=sdsada, TotalPage=213, Publisher=dasda, Author=dsada, ReleaseYear=2025, Stock=9, CoverBase64=null, CoverUrl=null)], responseCode=200, timestamp=30-12-2025 09:14:17)
2025-12-30 09:54:42,380 INFO com.example.library.controller.Admin.BookAdminController [http-nio-2112-exec-10] Get all books data
2025-12-30 09:54:42,381 INFO com.example.library.Services.BookService [http-nio-2112-exec-10] Getting all books data
2025-12-30 09:54:42,387 INFO com.example.library.Services.BookService [http-nio-2112-exec-10] All books retrieved: StatusResponseList(status=Success, message=Books retrieved successfully, data=[ResponseDataBook(IdBook=1, BookName=Clean Code, TotalPage=464, Publisher=Prentice Hall, Author=Robert C. Martin, ReleaseYear=2008, Stock=5, CoverBase64=null, CoverUrl=null), ResponseDataBook(IdBook=2, BookName=The Pragmatic Programmer, TotalPage=352, Publisher=Addison-Wesley, Author=Andrew Hunt, ReleaseYear=1999, Stock=3, CoverBase64=null, CoverUrl=null), ResponseDataBook(IdBook=3, BookName=Design Patterns, TotalPage=395, Publisher=Addison-Wesley, Author=Erich Gamma, ReleaseYear=1994, Stock=4, CoverBase64=null, CoverUrl=null), ResponseDataBook(IdBook=4, BookName=Introduction to Algorithms, TotalPage=1312, Publisher=MIT Press, Author=Thomas H. Cormen, ReleaseYear=2009, Stock=2, CoverBase64=null, CoverUrl=null), ResponseDataBook(IdBook=5, BookName=Refactoring, TotalPage=448, Publisher=Addison-Wesley, Author=Martin Fowler, ReleaseYear=2018, Stock=6, CoverBase64=null, CoverUrl=null), ResponseDataBook(IdBook=6, BookName=null, TotalPage=123, Publisher=kunkun, Author=me, ReleaseYear=2025, Stock=4, CoverBase64=null, CoverUrl=null), ResponseDataBook(IdBook=7, BookName=sdsada, TotalPage=213, Publisher=dasda, Author=dsada, ReleaseYear=2025, Stock=9, CoverBase64=null, CoverUrl=null)], responseCode=200, timestamp=30-12-2025 09:14:17)
2025-12-30 09:54:42,395 INFO com.example.library.controller.Admin.BookAdminController [http-nio-2112-exec-8] Get all books data
2025-12-30 09:54:42,395 INFO com.example.library.Services.BookService [http-nio-2112-exec-8] Getting all books data
2025-12-30 09:54:42,401 INFO com.example.library.Services.BookService [http-nio-2112-exec-8] All books retrieved: StatusResponseList(status=Success, message=Books retrieved successfully, data=[ResponseDataBook(IdBook=1, BookName=Clean Code, TotalPage=464, Publisher=Prentice Hall, Author=Robert C. Martin, ReleaseYear=2008, Stock=5, CoverBase64=null, CoverUrl=null), ResponseDataBook(IdBook=2, BookName=The Pragmatic Programmer, TotalPage=352, Publisher=Addison-Wesley, Author=Andrew Hunt, ReleaseYear=1999, Stock=3, CoverBase64=null, CoverUrl=null), ResponseDataBook(IdBook=3, BookName=Design Patterns, TotalPage=395, Publisher=Addison-Wesley, Author=Erich Gamma, ReleaseYear=1994, Stock=4, CoverBase64=null, CoverUrl=null), ResponseDataBook(IdBook=4, BookName=Introduction to Algorithms, TotalPage=1312, Publisher=MIT Press, Author=Thomas H. Cormen, ReleaseYear=2009, Stock=2, CoverBase64=null, CoverUrl=null), ResponseDataBook(IdBook=5, BookName=Refactoring, TotalPage=448, Publisher=Addison-Wesley, Author=Martin Fowler, ReleaseYear=2018, Stock=6, CoverBase64=null, CoverUrl=null), ResponseDataBook(IdBook=6, BookName=null, TotalPage=123, Publisher=kunkun, Author=me, ReleaseYear=2025, Stock=4, CoverBase64=null, CoverUrl=null), ResponseDataBook(IdBook=7, BookName=sdsada, TotalPage=213, Publisher=dasda, Author=dsada, ReleaseYear=2025, Stock=9, CoverBase64=null, CoverUrl=null)], responseCode=200, timestamp=30-12-2025 09:14:17)
2025-12-30 10:08:46,056 INFO org.springframework.boot.web.embedded.tomcat.GracefulShutdown [SpringApplicationShutdownHook] Commencing graceful shutdown. Waiting for active requests to complete
2025-12-30 10:08:46,191 INFO org.springframework.boot.web.embedded.tomcat.GracefulShutdown [tomcat-shutdown] Graceful shutdown complete
2025-12-30 10:08:46,208 INFO org.springframework.orm.jpa.LocalContainerEntityManagerFactoryBean [SpringApplicationShutdownHook] Closing JPA EntityManagerFactory for persistence unit 'default'
2025-12-30 10:08:46,208 INFO com.zaxxer.hikari.HikariDataSource [SpringApplicationShutdownHook] HikariPool-1 - Shutdown initiated...
2025-12-30 10:08:46,224 INFO com.zaxxer.hikari.HikariDataSource [SpringApplicationShutdownHook] HikariPool-1 - Shutdown completed.
2025-12-30 10:08:57,962 INFO com.example.library.LibraryApplication [restartedMain] Starting LibraryApplication using Java 17.0.17 with PID 21848 (D:\personalProject\Library\Backend\target\classes started by Muhammad Iqbal in D:\personalProject\Library\Backend)
2025-12-30 10:08:57,966 INFO com.example.library.LibraryApplication [restartedMain] The following 1 profile is active: "dev"
2025-12-30 10:08:58,001 INFO org.springframework.boot.devtools.restart.ChangeableUrls [restartedMain] The Class-Path manifest attribute in C:\Users\Muhammad Iqbal\.m2\repository\io\github\cdimascio\java-dotenv\5.2.2\java-dotenv-5.2.2.jar referenced one or more files that do not exist: file:/C:/Users/Muhammad%20Iqbal/.m2/repository/io/github/cdimascio/java-dotenv/5.2.2/kotlin-stdlib-1.4.0.jar,file:/C:/Users/Muhammad%20Iqbal/.m2/repository/io/github/cdimascio/java-dotenv/5.2.2/kotlin-stdlib-common-1.4.0.jar,file:/C:/Users/Muhammad%20Iqbal/.m2/repository/io/github/cdimascio/java-dotenv/5.2.2/annotations-13.0.jar
2025-12-30 10:08:58,001 INFO org.springframework.boot.devtools.env.DevToolsPropertyDefaultsPostProcessor [restartedMain] Devtools property defaults active! Set 'spring.devtools.add-properties' to 'false' to disable
2025-12-30 10:08:58,001 INFO org.springframework.boot.devtools.env.DevToolsPropertyDefaultsPostProcessor [restartedMain] For additional web related logging consider setting the 'logging.level.web' property to 'DEBUG'
2025-12-30 10:08:58,574 INFO org.springframework.data.repository.config.RepositoryConfigurationDelegate [restartedMain] Bootstrapping Spring Data JPA repositories in DEFAULT mode.
2025-12-30 10:08:58,700 INFO org.springframework.data.repository.config.RepositoryConfigurationDelegate [restartedMain] Finished Spring Data repository scanning in 113 ms. Found 5 JPA repository interfaces.
2025-12-30 10:08:59,146 INFO org.springframework.boot.web.embedded.tomcat.TomcatWebServer [restartedMain] Tomcat initialized with port 2112 (http)
2025-12-30 10:08:59,146 INFO org.apache.catalina.core.StandardService [restartedMain] Starting service [Tomcat]
2025-12-30 10:08:59,146 INFO org.apache.catalina.core.StandardEngine [restartedMain] Starting Servlet engine: [Apache Tomcat/10.1.39]
2025-12-30 10:08:59,193 INFO org.apache.catalina.core.ContainerBase.[Tomcat].[localhost].[/] [restartedMain] Initializing Spring embedded WebApplicationContext
2025-12-30 10:08:59,193 INFO org.springframework.boot.web.servlet.context.ServletWebServerApplicationContext [restartedMain] Root WebApplicationContext: initialization completed in 1192 ms
2025-12-30 10:08:59,317 INFO org.hibernate.jpa.internal.util.LogHelper [restartedMain] HHH000204: Processing PersistenceUnitInfo [name: default]
2025-12-30 10:08:59,350 INFO org.hibernate.Version [restartedMain] HHH000412: Hibernate ORM core version 6.6.11.Final
2025-12-30 10:08:59,375 INFO org.hibernate.cache.internal.RegionFactoryInitiator [restartedMain] HHH000026: Second-level cache disabled
2025-12-30 10:08:59,547 INFO org.springframework.orm.jpa.persistenceunit.SpringPersistenceUnitInfo [restartedMain] No LoadTimeWeaver setup: ignoring JPA class transformer
2025-12-30 10:08:59,569 INFO com.zaxxer.hikari.HikariDataSource [restartedMain] HikariPool-1 - Starting...
2025-12-30 10:08:59,690 INFO com.zaxxer.hikari.pool.HikariPool [restartedMain] HikariPool-1 - Added connection org.postgresql.jdbc.PgConnection@5e106ce2
2025-12-30 10:08:59,706 INFO com.zaxxer.hikari.HikariDataSource [restartedMain] HikariPool-1 - Start completed.
2025-12-30 10:08:59,722 WARN org.hibernate.orm.deprecation [restartedMain] HHH90000025: PostgreSQLDialect does not need to be specified explicitly using 'hibernate.dialect' (remove the property setting and it will be selected by default)
2025-12-30 10:08:59,737 INFO org.hibernate.orm.connections.pooling [restartedMain] HHH10001005: Database info:
	Database JDBC URL [Connecting through datasource 'HikariDataSource (HikariPool-1)']
	Database driver: undefined/unknown
	Database version: 18.1
	Autocommit mode: undefined/unknown
	Isolation level: undefined/unknown
	Minimum pool size: undefined/unknown
	Maximum pool size: undefined/unknown
2025-12-30 10:09:00,371 INFO org.hibernate.engine.transaction.jta.platform.internal.JtaPlatformInitiator [restartedMain] HHH000489: No JTA platform available (set 'hibernate.transaction.jta.platform' to enable JTA platform integration)
2025-12-30 10:09:00,498 INFO org.springframework.orm.jpa.LocalContainerEntityManagerFactoryBean [restartedMain] Initialized JPA EntityManagerFactory for persistence unit 'default'
2025-12-30 10:09:00,864 WARN org.springframework.boot.autoconfigure.orm.jpa.JpaBaseConfiguration$JpaWebConfiguration [restartedMain] spring.jpa.open-in-view is enabled by default. Therefore, database queries may be performed during view rendering. Explicitly configure spring.jpa.open-in-view to disable this warning
2025-12-30 10:09:01,105 INFO org.springframework.boot.devtools.autoconfigure.OptionalLiveReloadServer [restartedMain] LiveReload server is running on port 35729
2025-12-30 10:09:01,164 INFO org.springframework.boot.web.embedded.tomcat.TomcatWebServer [restartedMain] Tomcat started on port 2112 (http) with context path '/'
2025-12-30 10:09:01,172 INFO com.example.library.LibraryApplication [restartedMain] Started LibraryApplication in 3.527 seconds (process running for 3.865)
2025-12-30 10:09:06,314 INFO org.apache.catalina.core.ContainerBase.[Tomcat].[localhost].[/] [http-nio-2112-exec-1] Initializing Spring DispatcherServlet 'dispatcherServlet'
2025-12-30 10:09:06,314 INFO org.springframework.web.servlet.DispatcherServlet [http-nio-2112-exec-1] Initializing Servlet 'dispatcherServlet'
2025-12-30 10:09:06,314 INFO org.springframework.web.servlet.DispatcherServlet [http-nio-2112-exec-1] Completed initialization in 0 ms
2025-12-30 10:09:06,995 INFO org.springdoc.api.AbstractOpenApiResource [http-nio-2112-exec-4] Init duration for springdoc-openapi is: 514 ms
2025-12-30 10:24:57,497 INFO org.springframework.boot.web.embedded.tomcat.GracefulShutdown [SpringApplicationShutdownHook] Commencing graceful shutdown. Waiting for active requests to complete
2025-12-30 10:24:57,652 INFO org.springframework.boot.web.embedded.tomcat.GracefulShutdown [tomcat-shutdown] Graceful shutdown complete
2025-12-30 10:24:57,668 INFO org.springframework.orm.jpa.LocalContainerEntityManagerFactoryBean [SpringApplicationShutdownHook] Closing JPA EntityManagerFactory for persistence unit 'default'
2025-12-30 10:24:57,668 INFO com.zaxxer.hikari.HikariDataSource [SpringApplicationShutdownHook] HikariPool-1 - Shutdown initiated...
2025-12-30 10:24:57,680 INFO com.zaxxer.hikari.HikariDataSource [SpringApplicationShutdownHook] HikariPool-1 - Shutdown completed.
2025-12-30 10:25:11,286 INFO com.example.library.LibraryApplication [restartedMain] Starting LibraryApplication using Java 17.0.17 with PID 17880 (D:\personalProject\Library\Backend\target\classes started by Muhammad Iqbal in D:\personalProject\Library\Backend)
2025-12-30 10:25:11,286 INFO com.example.library.LibraryApplication [restartedMain] The following 1 profile is active: "dev"
2025-12-30 10:25:11,352 INFO org.springframework.boot.devtools.restart.ChangeableUrls [restartedMain] The Class-Path manifest attribute in C:\Users\Muhammad Iqbal\.m2\repository\io\github\cdimascio\java-dotenv\5.2.2\java-dotenv-5.2.2.jar referenced one or more files that do not exist: file:/C:/Users/Muhammad%20Iqbal/.m2/repository/io/github/cdimascio/java-dotenv/5.2.2/kotlin-stdlib-1.4.0.jar,file:/C:/Users/Muhammad%20Iqbal/.m2/repository/io/github/cdimascio/java-dotenv/5.2.2/kotlin-stdlib-common-1.4.0.jar,file:/C:/Users/Muhammad%20Iqbal/.m2/repository/io/github/cdimascio/java-dotenv/5.2.2/annotations-13.0.jar
2025-12-30 10:25:11,352 INFO org.springframework.boot.devtools.env.DevToolsPropertyDefaultsPostProcessor [restartedMain] Devtools property defaults active! Set 'spring.devtools.add-properties' to 'false' to disable
2025-12-30 10:25:11,352 INFO org.springframework.boot.devtools.env.DevToolsPropertyDefaultsPostProcessor [restartedMain] For additional web related logging consider setting the 'logging.level.web' property to 'DEBUG'
2025-12-30 10:25:12,009 INFO org.springframework.data.repository.config.RepositoryConfigurationDelegate [restartedMain] Bootstrapping Spring Data JPA repositories in DEFAULT mode.
2025-12-30 10:25:12,141 INFO org.springframework.data.repository.config.RepositoryConfigurationDelegate [restartedMain] Finished Spring Data repository scanning in 125 ms. Found 5 JPA repository interfaces.
2025-12-30 10:25:12,607 INFO org.springframework.boot.web.embedded.tomcat.TomcatWebServer [restartedMain] Tomcat initialized with port 2112 (http)
2025-12-30 10:25:12,621 INFO org.apache.catalina.core.StandardService [restartedMain] Starting service [Tomcat]
2025-12-30 10:25:12,621 INFO org.apache.catalina.core.StandardEngine [restartedMain] Starting Servlet engine: [Apache Tomcat/10.1.39]
2025-12-30 10:25:12,657 INFO org.apache.catalina.core.ContainerBase.[Tomcat].[localhost].[/] [restartedMain] Initializing Spring embedded WebApplicationContext
2025-12-30 10:25:12,657 INFO org.springframework.boot.web.servlet.context.ServletWebServerApplicationContext [restartedMain] Root WebApplicationContext: initialization completed in 1303 ms
2025-12-30 10:25:12,771 INFO org.hibernate.jpa.internal.util.LogHelper [restartedMain] HHH000204: Processing PersistenceUnitInfo [name: default]
2025-12-30 10:25:12,806 INFO org.hibernate.Version [restartedMain] HHH000412: Hibernate ORM core version 6.6.11.Final
2025-12-30 10:25:12,827 INFO org.hibernate.cache.internal.RegionFactoryInitiator [restartedMain] HHH000026: Second-level cache disabled
2025-12-30 10:25:13,007 INFO org.springframework.orm.jpa.persistenceunit.SpringPersistenceUnitInfo [restartedMain] No LoadTimeWeaver setup: ignoring JPA class transformer
2025-12-30 10:25:13,021 INFO com.zaxxer.hikari.HikariDataSource [restartedMain] HikariPool-1 - Starting...
2025-12-30 10:25:13,172 INFO com.zaxxer.hikari.pool.HikariPool [restartedMain] HikariPool-1 - Added connection org.postgresql.jdbc.PgConnection@753dcac5
2025-12-30 10:25:13,175 INFO com.zaxxer.hikari.HikariDataSource [restartedMain] HikariPool-1 - Start completed.
2025-12-30 10:25:13,200 WARN org.hibernate.orm.deprecation [restartedMain] HHH90000025: PostgreSQLDialect does not need to be specified explicitly using 'hibernate.dialect' (remove the property setting and it will be selected by default)
2025-12-30 10:25:13,210 INFO org.hibernate.orm.connections.pooling [restartedMain] HHH10001005: Database info:
	Database JDBC URL [Connecting through datasource 'HikariDataSource (HikariPool-1)']
	Database driver: undefined/unknown
	Database version: 18.1
	Autocommit mode: undefined/unknown
	Isolation level: undefined/unknown
	Minimum pool size: undefined/unknown
	Maximum pool size: undefined/unknown
2025-12-30 10:25:13,864 INFO org.hibernate.engine.transaction.jta.platform.internal.JtaPlatformInitiator [restartedMain] HHH000489: No JTA platform available (set 'hibernate.transaction.jta.platform' to enable JTA platform integration)
2025-12-30 10:25:13,992 INFO org.springframework.orm.jpa.LocalContainerEntityManagerFactoryBean [restartedMain] Initialized JPA EntityManagerFactory for persistence unit 'default'
2025-12-30 10:25:14,389 WARN org.springframework.boot.autoconfigure.orm.jpa.JpaBaseConfiguration$JpaWebConfiguration [restartedMain] spring.jpa.open-in-view is enabled by default. Therefore, database queries may be performed during view rendering. Explicitly configure spring.jpa.open-in-view to disable this warning
2025-12-30 10:25:14,662 INFO org.springframework.boot.devtools.autoconfigure.OptionalLiveReloadServer [restartedMain] LiveReload server is running on port 35729
2025-12-30 10:25:14,723 INFO org.springframework.boot.web.embedded.tomcat.TomcatWebServer [restartedMain] Tomcat started on port 2112 (http) with context path '/'
2025-12-30 10:25:14,724 INFO com.example.library.LibraryApplication [restartedMain] Started LibraryApplication in 4.008 seconds (process running for 4.639)
2025-12-30 10:40:05,847 INFO org.apache.catalina.core.ContainerBase.[Tomcat].[localhost].[/] [http-nio-2112-exec-4] Initializing Spring DispatcherServlet 'dispatcherServlet'
2025-12-30 10:40:05,847 INFO org.springframework.web.servlet.DispatcherServlet [http-nio-2112-exec-4] Initializing Servlet 'dispatcherServlet'
2025-12-30 10:40:05,847 INFO org.springframework.web.servlet.DispatcherServlet [http-nio-2112-exec-4] Completed initialization in 0 ms
2025-12-30 10:40:05,915 INFO com.example.library.controller.Admin.MemberController [http-nio-2112-exec-3] Getting all members with index : 0
2025-12-30 10:40:05,915 INFO com.example.library.Services.MemberService [http-nio-2112-exec-3] getting all members with index: 0
2025-12-30 10:40:06,133 INFO com.example.library.controller.Admin.MemberController [http-nio-2112-exec-2] Getting all members with index : 0
2025-12-30 10:40:06,133 INFO com.example.library.Services.MemberService [http-nio-2112-exec-2] getting all members with index: 0
2025-12-30 10:40:27,923 INFO com.example.library.controller.Admin.EmployeeController [http-nio-2112-exec-7] Get all employees data with index: 0
2025-12-30 10:40:27,923 INFO com.example.library.Services.EmployeeService [http-nio-2112-exec-7] preparing to get all employees data with index: 0
2025-12-30 10:40:27,934 INFO com.example.library.Services.EmployeeService [http-nio-2112-exec-7] preparing set response list
2025-12-30 10:40:27,945 INFO com.example.library.controller.Admin.EmployeeController [http-nio-2112-exec-8] Get all employees data with index: 0
2025-12-30 10:40:27,946 INFO com.example.library.Services.EmployeeService [http-nio-2112-exec-8] preparing to get all employees data with index: 0
2025-12-30 10:40:27,951 INFO com.example.library.Services.EmployeeService [http-nio-2112-exec-8] preparing set response list
2025-12-30 10:41:23,957 INFO com.example.library.controller.Admin.EmployeeController [http-nio-2112-exec-10] Get all employees data with index: 0
2025-12-30 10:41:23,957 INFO com.example.library.Services.EmployeeService [http-nio-2112-exec-10] preparing to get all employees data with index: 0
2025-12-30 10:41:23,957 INFO com.example.library.Services.EmployeeService [http-nio-2112-exec-10] preparing set response list
2025-12-30 10:44:04,008 INFO com.example.library.controller.Admin.EmployeeController [http-nio-2112-exec-6] Get all employees data with index: 0
2025-12-30 10:44:04,008 INFO com.example.library.Services.EmployeeService [http-nio-2112-exec-6] preparing to get all employees data with index: 0
2025-12-30 10:44:04,010 INFO com.example.library.Services.EmployeeService [http-nio-2112-exec-6] preparing set response list
2025-12-30 10:44:04,020 INFO com.example.library.controller.Admin.EmployeeController [http-nio-2112-exec-5] Get all employees data with index: 0
2025-12-30 10:44:04,021 INFO com.example.library.Services.EmployeeService [http-nio-2112-exec-5] preparing to get all employees data with index: 0
2025-12-30 10:44:04,023 INFO com.example.library.Services.EmployeeService [http-nio-2112-exec-5] preparing set response list
2025-12-30 10:44:05,265 INFO com.example.library.controller.Admin.EmployeeController [http-nio-2112-exec-7] Get all employees data with index: 0
2025-12-30 10:44:05,265 INFO com.example.library.Services.EmployeeService [http-nio-2112-exec-7] preparing to get all employees data with index: 0
2025-12-30 10:44:05,265 INFO com.example.library.Services.EmployeeService [http-nio-2112-exec-7] preparing set response list
2025-12-30 10:48:40,105 INFO com.example.library.controller.Admin.EmployeeController [http-nio-2112-exec-4] Get all employees data with index: 0
2025-12-30 10:48:40,105 INFO com.example.library.Services.EmployeeService [http-nio-2112-exec-4] preparing to get all employees data with index: 0
2025-12-30 10:48:40,110 INFO com.example.library.Services.EmployeeService [http-nio-2112-exec-4] preparing set response list
2025-12-30 10:48:40,115 INFO com.example.library.controller.Admin.EmployeeController [http-nio-2112-exec-4] Get all employees data with index: 0
2025-12-30 10:48:40,115 INFO com.example.library.Services.EmployeeService [http-nio-2112-exec-4] preparing to get all employees data with index: 0
2025-12-30 10:48:40,118 INFO com.example.library.Services.EmployeeService [http-nio-2112-exec-4] preparing set response list
2025-12-30 11:02:05,843 INFO com.example.library.controller.Admin.MemberController [http-nio-2112-exec-7] Getting all members with index : 0
2025-12-30 11:02:05,843 INFO com.example.library.Services.MemberService [http-nio-2112-exec-7] getting all members with index: 0
2025-12-30 11:02:05,856 INFO com.example.library.controller.Admin.MemberController [http-nio-2112-exec-8] Getting all members with index : 0
2025-12-30 11:02:05,856 INFO com.example.library.Services.MemberService [http-nio-2112-exec-8] getting all members with index: 0
2025-12-30 11:19:45,281 WARN org.springframework.web.servlet.mvc.support.DefaultHandlerExceptionResolver [http-nio-2112-exec-3] Resolved [org.springframework.web.method.annotation.MethodArgumentTypeMismatchException: Method parameter 'idLoan': Failed to convert value of type 'java.lang.String' to required type 'java.lang.Integer'; For input string: "all"]
2025-12-30 11:19:45,324 WARN org.springframework.web.servlet.mvc.support.DefaultHandlerExceptionResolver [http-nio-2112-exec-2] Resolved [org.springframework.web.method.annotation.MethodArgumentTypeMismatchException: Method parameter 'idLoan': Failed to convert value of type 'java.lang.String' to required type 'java.lang.Integer'; For input string: "all"]
2025-12-30 11:19:56,330 INFO org.springframework.boot.web.embedded.tomcat.GracefulShutdown [SpringApplicationShutdownHook] Commencing graceful shutdown. Waiting for active requests to complete
2025-12-30 11:19:56,480 INFO org.springframework.boot.web.embedded.tomcat.GracefulShutdown [tomcat-shutdown] Graceful shutdown complete
2025-12-30 11:19:56,503 INFO org.springframework.orm.jpa.LocalContainerEntityManagerFactoryBean [SpringApplicationShutdownHook] Closing JPA EntityManagerFactory for persistence unit 'default'
2025-12-30 11:19:56,503 INFO com.zaxxer.hikari.HikariDataSource [SpringApplicationShutdownHook] HikariPool-1 - Shutdown initiated...
2025-12-30 11:19:56,512 INFO com.zaxxer.hikari.HikariDataSource [SpringApplicationShutdownHook] HikariPool-1 - Shutdown completed.
2025-12-30 11:20:06,696 INFO com.example.library.LibraryApplication [restartedMain] Starting LibraryApplication using Java 17.0.17 with PID 26172 (D:\personalProject\Library\Backend\target\classes started by Muhammad Iqbal in D:\personalProject\Library\Backend)
2025-12-30 11:20:06,699 INFO com.example.library.LibraryApplication [restartedMain] The following 1 profile is active: "dev"
2025-12-30 11:20:06,733 INFO org.springframework.boot.devtools.restart.ChangeableUrls [restartedMain] The Class-Path manifest attribute in C:\Users\Muhammad Iqbal\.m2\repository\io\github\cdimascio\java-dotenv\5.2.2\java-dotenv-5.2.2.jar referenced one or more files that do not exist: file:/C:/Users/Muhammad%20Iqbal/.m2/repository/io/github/cdimascio/java-dotenv/5.2.2/kotlin-stdlib-1.4.0.jar,file:/C:/Users/Muhammad%20Iqbal/.m2/repository/io/github/cdimascio/java-dotenv/5.2.2/kotlin-stdlib-common-1.4.0.jar,file:/C:/Users/Muhammad%20Iqbal/.m2/repository/io/github/cdimascio/java-dotenv/5.2.2/annotations-13.0.jar
2025-12-30 11:20:06,733 INFO org.springframework.boot.devtools.env.DevToolsPropertyDefaultsPostProcessor [restartedMain] Devtools property defaults active! Set 'spring.devtools.add-properties' to 'false' to disable
2025-12-30 11:20:06,733 INFO org.springframework.boot.devtools.env.DevToolsPropertyDefaultsPostProcessor [restartedMain] For additional web related logging consider setting the 'logging.level.web' property to 'DEBUG'
2025-12-30 11:20:07,285 INFO org.springframework.data.repository.config.RepositoryConfigurationDelegate [restartedMain] Bootstrapping Spring Data JPA repositories in DEFAULT mode.
2025-12-30 11:20:07,391 INFO org.springframework.data.repository.config.RepositoryConfigurationDelegate [restartedMain] Finished Spring Data repository scanning in 103 ms. Found 5 JPA repository interfaces.
2025-12-30 11:20:07,830 INFO org.springframework.boot.web.embedded.tomcat.TomcatWebServer [restartedMain] Tomcat initialized with port 2112 (http)
2025-12-30 11:20:07,834 INFO org.apache.catalina.core.StandardService [restartedMain] Starting service [Tomcat]
2025-12-30 11:20:07,834 INFO org.apache.catalina.core.StandardEngine [restartedMain] Starting Servlet engine: [Apache Tomcat/10.1.39]
2025-12-30 11:20:07,879 INFO org.apache.catalina.core.ContainerBase.[Tomcat].[localhost].[/] [restartedMain] Initializing Spring embedded WebApplicationContext
2025-12-30 11:20:07,879 INFO org.springframework.boot.web.servlet.context.ServletWebServerApplicationContext [restartedMain] Root WebApplicationContext: initialization completed in 1145 ms
2025-12-30 11:20:07,974 INFO org.hibernate.jpa.internal.util.LogHelper [restartedMain] HHH000204: Processing PersistenceUnitInfo [name: default]
2025-12-30 11:20:08,020 INFO org.hibernate.Version [restartedMain] HHH000412: Hibernate ORM core version 6.6.11.Final
2025-12-30 11:20:08,037 INFO org.hibernate.cache.internal.RegionFactoryInitiator [restartedMain] HHH000026: Second-level cache disabled
2025-12-30 11:20:08,213 INFO org.springframework.orm.jpa.persistenceunit.SpringPersistenceUnitInfo [restartedMain] No LoadTimeWeaver setup: ignoring JPA class transformer
2025-12-30 11:20:08,228 INFO com.zaxxer.hikari.HikariDataSource [restartedMain] HikariPool-1 - Starting...
2025-12-30 11:20:08,370 INFO com.zaxxer.hikari.pool.HikariPool [restartedMain] HikariPool-1 - Added connection org.postgresql.jdbc.PgConnection@ac7ac5
2025-12-30 11:20:08,370 INFO com.zaxxer.hikari.HikariDataSource [restartedMain] HikariPool-1 - Start completed.
2025-12-30 11:20:08,392 WARN org.hibernate.orm.deprecation [restartedMain] HHH90000025: PostgreSQLDialect does not need to be specified explicitly using 'hibernate.dialect' (remove the property setting and it will be selected by default)
2025-12-30 11:20:08,402 INFO org.hibernate.orm.connections.pooling [restartedMain] HHH10001005: Database info:
	Database JDBC URL [Connecting through datasource 'HikariDataSource (HikariPool-1)']
	Database driver: undefined/unknown
	Database version: 18.1
	Autocommit mode: undefined/unknown
	Isolation level: undefined/unknown
	Minimum pool size: undefined/unknown
	Maximum pool size: undefined/unknown
2025-12-30 11:20:09,024 INFO org.hibernate.engine.transaction.jta.platform.internal.JtaPlatformInitiator [restartedMain] HHH000489: No JTA platform available (set 'hibernate.transaction.jta.platform' to enable JTA platform integration)
2025-12-30 11:20:09,149 INFO org.springframework.orm.jpa.LocalContainerEntityManagerFactoryBean [restartedMain] Initialized JPA EntityManagerFactory for persistence unit 'default'
2025-12-30 11:20:09,514 WARN org.springframework.boot.autoconfigure.orm.jpa.JpaBaseConfiguration$JpaWebConfiguration [restartedMain] spring.jpa.open-in-view is enabled by default. Therefore, database queries may be performed during view rendering. Explicitly configure spring.jpa.open-in-view to disable this warning
2025-12-30 11:20:09,753 INFO org.springframework.boot.devtools.autoconfigure.OptionalLiveReloadServer [restartedMain] LiveReload server is running on port 35729
2025-12-30 11:20:09,801 INFO org.springframework.boot.web.embedded.tomcat.TomcatWebServer [restartedMain] Tomcat started on port 2112 (http) with context path '/'
2025-12-30 11:20:09,817 INFO com.example.library.LibraryApplication [restartedMain] Started LibraryApplication in 3.446 seconds (process running for 3.764)
2025-12-30 11:20:13,194 INFO org.apache.catalina.core.ContainerBase.[Tomcat].[localhost].[/] [http-nio-2112-exec-1] Initializing Spring DispatcherServlet 'dispatcherServlet'
2025-12-30 11:20:13,194 INFO org.springframework.web.servlet.DispatcherServlet [http-nio-2112-exec-1] Initializing Servlet 'dispatcherServlet'
2025-12-30 11:20:13,196 INFO org.springframework.web.servlet.DispatcherServlet [http-nio-2112-exec-1] Completed initialization in 0 ms
2025-12-30 11:20:13,261 INFO com.example.library.controller.Admin.LoanController [http-nio-2112-exec-2] Preparing to get all loans with index : 0
2025-12-30 11:20:13,263 INFO com.example.library.Services.LoanService [http-nio-2112-exec-2] Preparing to get all loans with index: 0
2025-12-30 11:22:04,723 INFO com.example.library.controller.Admin.LoanController [http-nio-2112-exec-6] Preparing to get all loans with index : 0
2025-12-30 11:22:04,724 INFO com.example.library.Services.LoanService [http-nio-2112-exec-6] Preparing to get all loans with index: 0
2025-12-30 11:22:04,739 INFO com.example.library.controller.Admin.LoanController [http-nio-2112-exec-3] Preparing to get all loans with index : 0
2025-12-30 11:22:04,739 INFO com.example.library.Services.LoanService [http-nio-2112-exec-3] Preparing to get all loans with index: 0
2025-12-30 11:26:16,192 INFO com.example.library.controller.Admin.LoanController [http-nio-2112-exec-2] Preparing to get all loans with index : 0
2025-12-30 11:26:16,192 INFO com.example.library.Services.LoanService [http-nio-2112-exec-2] Preparing to get all loans with index: 0
2025-12-30 11:26:16,211 INFO com.example.library.controller.Admin.LoanController [http-nio-2112-exec-7] Preparing to get all loans with index : 0
2025-12-30 11:26:16,212 INFO com.example.library.Services.LoanService [http-nio-2112-exec-7] Preparing to get all loans with index: 0
2025-12-30 11:28:42,599 INFO com.example.library.controller.Admin.LoanController [http-nio-2112-exec-4] Preparing to get all loans with index : 0
2025-12-30 11:28:42,600 INFO com.example.library.Services.LoanService [http-nio-2112-exec-4] Preparing to get all loans with index: 0
2025-12-30 11:28:42,619 INFO com.example.library.controller.Admin.LoanController [http-nio-2112-exec-8] Preparing to get all loans with index : 0
2025-12-30 11:28:42,619 INFO com.example.library.Services.LoanService [http-nio-2112-exec-8] Preparing to get all loans with index: 0
2025-12-30 11:29:12,033 INFO com.example.library.controller.Admin.BookAdminController [http-nio-2112-exec-2] Get all books data with index: 0
2025-12-30 11:29:12,033 INFO com.example.library.Services.BookService [http-nio-2112-exec-2] Getting all books data
2025-12-30 11:29:12,049 INFO com.example.library.Services.BookService [http-nio-2112-exec-2] All books retrieved: StatusResponseList(status=Success, message=Books retrieved successfully, data=[ResponseDataBook(IdBook=1, BookName=Clean Code, TotalPage=464, Publisher=Prentice Hall, Author=Robert C. Martin, ReleaseYear=2008, Stock=5, CoverBase64=null, CoverUrl=null), ResponseDataBook(IdBook=2, BookName=The Pragmatic Programmer, TotalPage=352, Publisher=Addison-Wesley, Author=Andrew Hunt, ReleaseYear=1999, Stock=3, CoverBase64=null, CoverUrl=null), ResponseDataBook(IdBook=3, BookName=Design Patterns, TotalPage=395, Publisher=Addison-Wesley, Author=Erich Gamma, ReleaseYear=1994, Stock=4, CoverBase64=null, CoverUrl=null), ResponseDataBook(IdBook=4, BookName=Introduction to Algorithms, TotalPage=1312, Publisher=MIT Press, Author=Thomas H. Cormen, ReleaseYear=2009, Stock=2, CoverBase64=null, CoverUrl=null), ResponseDataBook(IdBook=5, BookName=Refactoring, TotalPage=448, Publisher=Addison-Wesley, Author=Martin Fowler, ReleaseYear=2018, Stock=6, CoverBase64=null, CoverUrl=null), ResponseDataBook(IdBook=6, BookName=null, TotalPage=123, Publisher=kunkun, Author=me, ReleaseYear=2025, Stock=4, CoverBase64=null, CoverUrl=null)], responseCode=200, timestamp=30-12-2025 11:20:09)
2025-12-30 11:29:12,074 INFO com.example.library.controller.Admin.BookAdminController [http-nio-2112-exec-7] Get all books data with index: 0
2025-12-30 11:29:12,074 INFO com.example.library.Services.BookService [http-nio-2112-exec-7] Getting all books data
2025-12-30 11:29:12,079 INFO com.example.library.Services.BookService [http-nio-2112-exec-7] All books retrieved: StatusResponseList(status=Success, message=Books retrieved successfully, data=[ResponseDataBook(IdBook=1, BookName=Clean Code, TotalPage=464, Publisher=Prentice Hall, Author=Robert C. Martin, ReleaseYear=2008, Stock=5, CoverBase64=null, CoverUrl=null), ResponseDataBook(IdBook=2, BookName=The Pragmatic Programmer, TotalPage=352, Publisher=Addison-Wesley, Author=Andrew Hunt, ReleaseYear=1999, Stock=3, CoverBase64=null, CoverUrl=null), ResponseDataBook(IdBook=3, BookName=Design Patterns, TotalPage=395, Publisher=Addison-Wesley, Author=Erich Gamma, ReleaseYear=1994, Stock=4, CoverBase64=null, CoverUrl=null), ResponseDataBook(IdBook=4, BookName=Introduction to Algorithms, TotalPage=1312, Publisher=MIT Press, Author=Thomas H. Cormen, ReleaseYear=2009, Stock=2, CoverBase64=null, CoverUrl=null), ResponseDataBook(IdBook=5, BookName=Refactoring, TotalPage=448, Publisher=Addison-Wesley, Author=Martin Fowler, ReleaseYear=2018, Stock=6, CoverBase64=null, CoverUrl=null), ResponseDataBook(IdBook=6, BookName=null, TotalPage=123, Publisher=kunkun, Author=me, ReleaseYear=2025, Stock=4, CoverBase64=null, CoverUrl=null)], responseCode=200, timestamp=30-12-2025 11:20:09)
2025-12-30 11:30:18,419 INFO com.example.library.controller.Admin.LoanController [http-nio-2112-exec-4] Preparing to get all loans with index : 0
2025-12-30 11:30:18,419 INFO com.example.library.Services.LoanService [http-nio-2112-exec-4] Preparing to get all loans with index: 0
2025-12-30 11:30:18,435 INFO com.example.library.controller.Admin.LoanController [http-nio-2112-exec-8] Preparing to get all loans with index : 0
2025-12-30 11:30:18,435 INFO com.example.library.Services.LoanService [http-nio-2112-exec-8] Preparing to get all loans with index: 0
2025-12-30 11:30:23,931 INFO com.example.library.controller.Admin.BookAdminController [http-nio-2112-exec-2] Get all books data with index: 0
2025-12-30 11:30:23,931 INFO com.example.library.Services.BookService [http-nio-2112-exec-2] Getting all books data
2025-12-30 11:30:23,931 INFO com.example.library.Services.BookService [http-nio-2112-exec-2] All books retrieved: StatusResponseList(status=Success, message=Books retrieved successfully, data=[ResponseDataBook(IdBook=1, BookName=Clean Code, TotalPage=464, Publisher=Prentice Hall, Author=Robert C. Martin, ReleaseYear=2008, Stock=5, CoverBase64=null, CoverUrl=null), ResponseDataBook(IdBook=2, BookName=The Pragmatic Programmer, TotalPage=352, Publisher=Addison-Wesley, Author=Andrew Hunt, ReleaseYear=1999, Stock=3, CoverBase64=null, CoverUrl=null), ResponseDataBook(IdBook=3, BookName=Design Patterns, TotalPage=395, Publisher=Addison-Wesley, Author=Erich Gamma, ReleaseYear=1994, Stock=4, CoverBase64=null, CoverUrl=null), ResponseDataBook(IdBook=4, BookName=Introduction to Algorithms, TotalPage=1312, Publisher=MIT Press, Author=Thomas H. Cormen, ReleaseYear=2009, Stock=2, CoverBase64=null, CoverUrl=null), ResponseDataBook(IdBook=5, BookName=Refactoring, TotalPage=448, Publisher=Addison-Wesley, Author=Martin Fowler, ReleaseYear=2018, Stock=6, CoverBase64=null, CoverUrl=null), ResponseDataBook(IdBook=6, BookName=null, TotalPage=123, Publisher=kunkun, Author=me, ReleaseYear=2025, Stock=4, CoverBase64=null, CoverUrl=null)], responseCode=200, timestamp=30-12-2025 11:20:09)
2025-12-30 11:30:23,942 INFO com.example.library.controller.Admin.BookAdminController [http-nio-2112-exec-7] Get all books data with index: 0
2025-12-30 11:30:23,942 INFO com.example.library.Services.BookService [http-nio-2112-exec-7] Getting all books data
2025-12-30 11:30:23,942 INFO com.example.library.Services.BookService [http-nio-2112-exec-7] All books retrieved: StatusResponseList(status=Success, message=Books retrieved successfully, data=[ResponseDataBook(IdBook=1, BookName=Clean Code, TotalPage=464, Publisher=Prentice Hall, Author=Robert C. Martin, ReleaseYear=2008, Stock=5, CoverBase64=null, CoverUrl=null), ResponseDataBook(IdBook=2, BookName=The Pragmatic Programmer, TotalPage=352, Publisher=Addison-Wesley, Author=Andrew Hunt, ReleaseYear=1999, Stock=3, CoverBase64=null, CoverUrl=null), ResponseDataBook(IdBook=3, BookName=Design Patterns, TotalPage=395, Publisher=Addison-Wesley, Author=Erich Gamma, ReleaseYear=1994, Stock=4, CoverBase64=null, CoverUrl=null), ResponseDataBook(IdBook=4, BookName=Introduction to Algorithms, TotalPage=1312, Publisher=MIT Press, Author=Thomas H. Cormen, ReleaseYear=2009, Stock=2, CoverBase64=null, CoverUrl=null), ResponseDataBook(IdBook=5, BookName=Refactoring, TotalPage=448, Publisher=Addison-Wesley, Author=Martin Fowler, ReleaseYear=2018, Stock=6, CoverBase64=null, CoverUrl=null), ResponseDataBook(IdBook=6, BookName=null, TotalPage=123, Publisher=kunkun, Author=me, ReleaseYear=2025, Stock=4, CoverBase64=null, CoverUrl=null)], responseCode=200, timestamp=30-12-2025 11:20:09)
2025-12-30 11:30:36,184 INFO com.example.library.controller.Admin.BookAdminController [http-nio-2112-exec-9] Adding book: RequestDataBook(bookId=null, bookName=dsda, page=2312, publisher=dad, author=grgsd`, release=2025, stock=21, coverBase64=null, coverUrl=null, cover=null)
2025-12-30 11:30:36,193 INFO com.example.library.Services.BookService [http-nio-2112-exec-9] Starting the process to add a new book: RequestDataBook(bookId=null, bookName=dsda, page=2312, publisher=dad, author=grgsd`, release=2025, stock=21, coverBase64=null, coverUrl=null, cover=null)
2025-12-30 11:30:36,193 INFO com.example.library.Services.BookService [http-nio-2112-exec-9] Mapping RequestDataBook to BookEntity: RequestDataBook(bookId=null, bookName=dsda, page=2312, publisher=dad, author=grgsd`, release=2025, stock=21, coverBase64=null, coverUrl=null, cover=null)
2025-12-30 11:30:36,193 INFO com.example.library.Services.BookService [http-nio-2112-exec-9] Mapped BookEntity: BookEntity(idBook=null, bookName=dsda, page=2312, publisher=dad, author=grgsd`, release=2025, stock=21, cover=null, coverUrl=null)
2025-12-30 11:30:36,248 INFO com.example.library.Services.BookService [http-nio-2112-exec-9] Mapped BookEntity: BookEntity(idBook=8, bookName=dsda, page=2312, publisher=dad, author=grgsd`, release=2025, stock=21, cover=null, coverUrl=null)
2025-12-30 11:30:36,248 INFO com.example.library.Services.BookService [http-nio-2112-exec-9] Book added successfully: StatusResponse(status=Success, message=Book operation successful, data=ResponseDataBook(IdBook=8, BookName=dsda, TotalPage=2312, Publisher=dad, Author=grgsd`, ReleaseYear=2025, Stock=21, CoverBase64=null, CoverUrl=null), ResponseCode=200, timestamp=30-12-2025 11:20:09)
2025-12-30 11:30:36,264 INFO com.example.library.controller.Admin.BookAdminController [http-nio-2112-exec-3] Get all books data with index: 0
2025-12-30 11:30:36,264 INFO com.example.library.Services.BookService [http-nio-2112-exec-3] Getting all books data
2025-12-30 11:30:36,269 INFO com.example.library.Services.BookService [http-nio-2112-exec-3] All books retrieved: StatusResponseList(status=Success, message=Books retrieved successfully, data=[ResponseDataBook(IdBook=1, BookName=Clean Code, TotalPage=464, Publisher=Prentice Hall, Author=Robert C. Martin, ReleaseYear=2008, Stock=5, CoverBase64=null, CoverUrl=null), ResponseDataBook(IdBook=2, BookName=The Pragmatic Programmer, TotalPage=352, Publisher=Addison-Wesley, Author=Andrew Hunt, ReleaseYear=1999, Stock=3, CoverBase64=null, CoverUrl=null), ResponseDataBook(IdBook=3, BookName=Design Patterns, TotalPage=395, Publisher=Addison-Wesley, Author=Erich Gamma, ReleaseYear=1994, Stock=4, CoverBase64=null, CoverUrl=null), ResponseDataBook(IdBook=4, BookName=Introduction to Algorithms, TotalPage=1312, Publisher=MIT Press, Author=Thomas H. Cormen, ReleaseYear=2009, Stock=2, CoverBase64=null, CoverUrl=null), ResponseDataBook(IdBook=5, BookName=Refactoring, TotalPage=448, Publisher=Addison-Wesley, Author=Martin Fowler, ReleaseYear=2018, Stock=6, CoverBase64=null, CoverUrl=null), ResponseDataBook(IdBook=6, BookName=null, TotalPage=123, Publisher=kunkun, Author=me, ReleaseYear=2025, Stock=4, CoverBase64=null, CoverUrl=null)], responseCode=200, timestamp=30-12-2025 11:20:09)
2025-12-30 11:36:35,261 INFO com.example.library.controller.Admin.BookAdminController [http-nio-2112-exec-10] Get all books data with index: 0
2025-12-30 11:36:35,262 INFO com.example.library.Services.BookService [http-nio-2112-exec-10] Getting all books data
2025-12-30 11:36:35,267 INFO com.example.library.Services.BookService [http-nio-2112-exec-10] All books retrieved: StatusResponseList(status=Success, message=Books retrieved successfully, data=[ResponseDataBook(IdBook=1, BookName=Clean Code, TotalPage=464, Publisher=Prentice Hall, Author=Robert C. Martin, ReleaseYear=2008, Stock=5, CoverBase64=null, CoverUrl=null), ResponseDataBook(IdBook=2, BookName=The Pragmatic Programmer, TotalPage=352, Publisher=Addison-Wesley, Author=Andrew Hunt, ReleaseYear=1999, Stock=3, CoverBase64=null, CoverUrl=null), ResponseDataBook(IdBook=3, BookName=Design Patterns, TotalPage=395, Publisher=Addison-Wesley, Author=Erich Gamma, ReleaseYear=1994, Stock=4, CoverBase64=null, CoverUrl=null), ResponseDataBook(IdBook=4, BookName=Introduction to Algorithms, TotalPage=1312, Publisher=MIT Press, Author=Thomas H. Cormen, ReleaseYear=2009, Stock=2, CoverBase64=null, CoverUrl=null), ResponseDataBook(IdBook=5, BookName=Refactoring, TotalPage=448, Publisher=Addison-Wesley, Author=Martin Fowler, ReleaseYear=2018, Stock=6, CoverBase64=null, CoverUrl=null), ResponseDataBook(IdBook=6, BookName=null, TotalPage=123, Publisher=kunkun, Author=me, ReleaseYear=2025, Stock=4, CoverBase64=null, CoverUrl=null)], responseCode=200, timestamp=30-12-2025 11:20:09)
2025-12-30 11:38:09,846 INFO com.example.library.controller.Admin.BookAdminController [http-nio-2112-exec-9] Get all books data with index: 0
2025-12-30 11:38:09,846 INFO com.example.library.Services.BookService [http-nio-2112-exec-9] Getting all books data
2025-12-30 11:38:09,849 INFO com.example.library.Services.BookService [http-nio-2112-exec-9] All books retrieved: StatusResponseList(status=Success, message=Books retrieved successfully, data=[ResponseDataBook(IdBook=1, BookName=Clean Code, TotalPage=464, Publisher=Prentice Hall, Author=Robert C. Martin, ReleaseYear=2008, Stock=5, CoverBase64=null, CoverUrl=null), ResponseDataBook(IdBook=2, BookName=The Pragmatic Programmer, TotalPage=352, Publisher=Addison-Wesley, Author=Andrew Hunt, ReleaseYear=1999, Stock=3, CoverBase64=null, CoverUrl=null), ResponseDataBook(IdBook=3, BookName=Design Patterns, TotalPage=395, Publisher=Addison-Wesley, Author=Erich Gamma, ReleaseYear=1994, Stock=4, CoverBase64=null, CoverUrl=null), ResponseDataBook(IdBook=4, BookName=Introduction to Algorithms, TotalPage=1312, Publisher=MIT Press, Author=Thomas H. Cormen, ReleaseYear=2009, Stock=2, CoverBase64=null, CoverUrl=null), ResponseDataBook(IdBook=5, BookName=Refactoring, TotalPage=448, Publisher=Addison-Wesley, Author=Martin Fowler, ReleaseYear=2018, Stock=6, CoverBase64=null, CoverUrl=null), ResponseDataBook(IdBook=6, BookName=null, TotalPage=123, Publisher=kunkun, Author=me, ReleaseYear=2025, Stock=4, CoverBase64=null, CoverUrl=null)], responseCode=200, timestamp=30-12-2025 11:20:09)
2025-12-30 11:38:09,859 INFO com.example.library.controller.Admin.BookAdminController [http-nio-2112-exec-6] Get all books data with index: 0
2025-12-30 11:38:09,860 INFO com.example.library.Services.BookService [http-nio-2112-exec-6] Getting all books data
2025-12-30 11:38:09,865 INFO com.example.library.Services.BookService [http-nio-2112-exec-6] All books retrieved: StatusResponseList(status=Success, message=Books retrieved successfully, data=[ResponseDataBook(IdBook=1, BookName=Clean Code, TotalPage=464, Publisher=Prentice Hall, Author=Robert C. Martin, ReleaseYear=2008, Stock=5, CoverBase64=null, CoverUrl=null), ResponseDataBook(IdBook=2, BookName=The Pragmatic Programmer, TotalPage=352, Publisher=Addison-Wesley, Author=Andrew Hunt, ReleaseYear=1999, Stock=3, CoverBase64=null, CoverUrl=null), ResponseDataBook(IdBook=3, BookName=Design Patterns, TotalPage=395, Publisher=Addison-Wesley, Author=Erich Gamma, ReleaseYear=1994, Stock=4, CoverBase64=null, CoverUrl=null), ResponseDataBook(IdBook=4, BookName=Introduction to Algorithms, TotalPage=1312, Publisher=MIT Press, Author=Thomas H. Cormen, ReleaseYear=2009, Stock=2, CoverBase64=null, CoverUrl=null), ResponseDataBook(IdBook=5, BookName=Refactoring, TotalPage=448, Publisher=Addison-Wesley, Author=Martin Fowler, ReleaseYear=2018, Stock=6, CoverBase64=null, CoverUrl=null), ResponseDataBook(IdBook=6, BookName=null, TotalPage=123, Publisher=kunkun, Author=me, ReleaseYear=2025, Stock=4, CoverBase64=null, CoverUrl=null)], responseCode=200, timestamp=30-12-2025 11:20:09)
2025-12-30 11:38:56,497 INFO org.springframework.boot.web.embedded.tomcat.GracefulShutdown [SpringApplicationShutdownHook] Commencing graceful shutdown. Waiting for active requests to complete
2025-12-30 11:38:56,644 INFO org.springframework.boot.web.embedded.tomcat.GracefulShutdown [tomcat-shutdown] Graceful shutdown complete
2025-12-30 11:38:56,660 INFO org.springframework.orm.jpa.LocalContainerEntityManagerFactoryBean [SpringApplicationShutdownHook] Closing JPA EntityManagerFactory for persistence unit 'default'
2025-12-30 11:38:56,676 INFO com.zaxxer.hikari.HikariDataSource [SpringApplicationShutdownHook] HikariPool-1 - Shutdown initiated...
2025-12-30 11:38:56,676 INFO com.zaxxer.hikari.HikariDataSource [SpringApplicationShutdownHook] HikariPool-1 - Shutdown completed.
2025-12-30 11:43:41,227 INFO com.example.library.LibraryApplication [restartedMain] Starting LibraryApplication using Java 17.0.17 with PID 12660 (D:\personalProject\Library\Backend\target\classes started by Muhammad Iqbal in D:\personalProject\Library\Backend)
2025-12-30 11:43:41,232 INFO com.example.library.LibraryApplication [restartedMain] The following 1 profile is active: "dev"
2025-12-30 11:43:41,266 INFO org.springframework.boot.devtools.restart.ChangeableUrls [restartedMain] The Class-Path manifest attribute in C:\Users\Muhammad Iqbal\.m2\repository\io\github\cdimascio\java-dotenv\5.2.2\java-dotenv-5.2.2.jar referenced one or more files that do not exist: file:/C:/Users/Muhammad%20Iqbal/.m2/repository/io/github/cdimascio/java-dotenv/5.2.2/kotlin-stdlib-1.4.0.jar,file:/C:/Users/Muhammad%20Iqbal/.m2/repository/io/github/cdimascio/java-dotenv/5.2.2/kotlin-stdlib-common-1.4.0.jar,file:/C:/Users/Muhammad%20Iqbal/.m2/repository/io/github/cdimascio/java-dotenv/5.2.2/annotations-13.0.jar
2025-12-30 11:43:41,266 INFO org.springframework.boot.devtools.env.DevToolsPropertyDefaultsPostProcessor [restartedMain] Devtools property defaults active! Set 'spring.devtools.add-properties' to 'false' to disable
2025-12-30 11:43:41,268 INFO org.springframework.boot.devtools.env.DevToolsPropertyDefaultsPostProcessor [restartedMain] For additional web related logging consider setting the 'logging.level.web' property to 'DEBUG'
2025-12-30 11:43:41,843 INFO org.springframework.data.repository.config.RepositoryConfigurationDelegate [restartedMain] Bootstrapping Spring Data JPA repositories in DEFAULT mode.
2025-12-30 11:43:41,965 INFO org.springframework.data.repository.config.RepositoryConfigurationDelegate [restartedMain] Finished Spring Data repository scanning in 106 ms. Found 5 JPA repository interfaces.
2025-12-30 11:43:42,426 INFO org.springframework.boot.web.embedded.tomcat.TomcatWebServer [restartedMain] Tomcat initialized with port 2112 (http)
2025-12-30 11:43:42,436 INFO org.apache.catalina.core.StandardService [restartedMain] Starting service [Tomcat]
2025-12-30 11:43:42,436 INFO org.apache.catalina.core.StandardEngine [restartedMain] Starting Servlet engine: [Apache Tomcat/10.1.39]
2025-12-30 11:43:42,480 INFO org.apache.catalina.core.ContainerBase.[Tomcat].[localhost].[/] [restartedMain] Initializing Spring embedded WebApplicationContext
2025-12-30 11:43:42,480 INFO org.springframework.boot.web.servlet.context.ServletWebServerApplicationContext [restartedMain] Root WebApplicationContext: initialization completed in 1212 ms
2025-12-30 11:43:42,600 INFO org.hibernate.jpa.internal.util.LogHelper [restartedMain] HHH000204: Processing PersistenceUnitInfo [name: default]
2025-12-30 11:43:42,634 INFO org.hibernate.Version [restartedMain] HHH000412: Hibernate ORM core version 6.6.11.Final
2025-12-30 11:43:42,658 INFO org.hibernate.cache.internal.RegionFactoryInitiator [restartedMain] HHH000026: Second-level cache disabled
2025-12-30 11:43:42,819 INFO org.springframework.orm.jpa.persistenceunit.SpringPersistenceUnitInfo [restartedMain] No LoadTimeWeaver setup: ignoring JPA class transformer
2025-12-30 11:43:42,850 INFO com.zaxxer.hikari.HikariDataSource [restartedMain] HikariPool-1 - Starting...
2025-12-30 11:43:42,986 INFO com.zaxxer.hikari.pool.HikariPool [restartedMain] HikariPool-1 - Added connection org.postgresql.jdbc.PgConnection@5e106ce2
2025-12-30 11:43:42,986 INFO com.zaxxer.hikari.HikariDataSource [restartedMain] HikariPool-1 - Start completed.
2025-12-30 11:43:43,010 WARN org.hibernate.orm.deprecation [restartedMain] HHH90000025: PostgreSQLDialect does not need to be specified explicitly using 'hibernate.dialect' (remove the property setting and it will be selected by default)
2025-12-30 11:43:43,024 INFO org.hibernate.orm.connections.pooling [restartedMain] HHH10001005: Database info:
	Database JDBC URL [Connecting through datasource 'HikariDataSource (HikariPool-1)']
	Database driver: undefined/unknown
	Database version: 18.1
	Autocommit mode: undefined/unknown
	Isolation level: undefined/unknown
	Minimum pool size: undefined/unknown
	Maximum pool size: undefined/unknown
2025-12-30 11:43:43,702 INFO org.hibernate.engine.transaction.jta.platform.internal.JtaPlatformInitiator [restartedMain] HHH000489: No JTA platform available (set 'hibernate.transaction.jta.platform' to enable JTA platform integration)
2025-12-30 11:43:43,832 INFO org.springframework.orm.jpa.LocalContainerEntityManagerFactoryBean [restartedMain] Initialized JPA EntityManagerFactory for persistence unit 'default'
2025-12-30 11:43:44,200 WARN org.springframework.boot.autoconfigure.orm.jpa.JpaBaseConfiguration$JpaWebConfiguration [restartedMain] spring.jpa.open-in-view is enabled by default. Therefore, database queries may be performed during view rendering. Explicitly configure spring.jpa.open-in-view to disable this warning
2025-12-30 11:43:44,504 INFO org.springframework.boot.devtools.autoconfigure.OptionalLiveReloadServer [restartedMain] LiveReload server is running on port 35729
2025-12-30 11:43:44,567 INFO org.springframework.boot.web.embedded.tomcat.TomcatWebServer [restartedMain] Tomcat started on port 2112 (http) with context path '/'
2025-12-30 11:43:44,577 INFO com.example.library.LibraryApplication [restartedMain] Started LibraryApplication in 3.67 seconds (process running for 4.002)
2025-12-30 11:45:58,138 INFO org.apache.catalina.core.ContainerBase.[Tomcat].[localhost].[/] [http-nio-2112-exec-2] Initializing Spring DispatcherServlet 'dispatcherServlet'
2025-12-30 11:45:58,139 INFO org.springframework.web.servlet.DispatcherServlet [http-nio-2112-exec-2] Initializing Servlet 'dispatcherServlet'
2025-12-30 11:45:58,140 INFO org.springframework.web.servlet.DispatcherServlet [http-nio-2112-exec-2] Completed initialization in 1 ms
2025-12-30 11:45:58,209 INFO com.example.library.controller.Admin.BookAdminController [http-nio-2112-exec-6] Get all books data with index: 0
2025-12-30 11:45:58,210 INFO com.example.library.Services.BookService [http-nio-2112-exec-6] Getting all books data
2025-12-30 11:45:58,371 INFO com.example.library.Services.BookService [http-nio-2112-exec-6] All books retrieved: StatusResponseList(status=Success, message=Books retrieved successfully, data=[ResponseDataBook(IdBook=1, BookName=Clean Code, TotalPage=464, Publisher=Prentice Hall, Author=Robert C. Martin, ReleaseYear=2008, Stock=5, CoverBase64=null, CoverUrl=null), ResponseDataBook(IdBook=2, BookName=The Pragmatic Programmer, TotalPage=352, Publisher=Addison-Wesley, Author=Andrew Hunt, ReleaseYear=1999, Stock=3, CoverBase64=null, CoverUrl=null), ResponseDataBook(IdBook=3, BookName=Design Patterns, TotalPage=395, Publisher=Addison-Wesley, Author=Erich Gamma, ReleaseYear=1994, Stock=4, CoverBase64=null, CoverUrl=null), ResponseDataBook(IdBook=4, BookName=Introduction to Algorithms, TotalPage=1312, Publisher=MIT Press, Author=Thomas H. Cormen, ReleaseYear=2009, Stock=2, CoverBase64=null, CoverUrl=null), ResponseDataBook(IdBook=5, BookName=Refactoring, TotalPage=448, Publisher=Addison-Wesley, Author=Martin Fowler, ReleaseYear=2018, Stock=6, CoverBase64=null, CoverUrl=null), ResponseDataBook(IdBook=6, BookName=null, TotalPage=123, Publisher=kunkun, Author=me, ReleaseYear=2025, Stock=4, CoverBase64=null, CoverUrl=null)], responseCode=200, timestamp=30-12-2025 11:43:44)
2025-12-30 11:45:58,443 INFO com.example.library.controller.Admin.BookAdminController [http-nio-2112-exec-8] Get all books data with index: 0
2025-12-30 11:45:58,443 INFO com.example.library.Services.BookService [http-nio-2112-exec-8] Getting all books data
2025-12-30 11:45:58,448 INFO com.example.library.Services.BookService [http-nio-2112-exec-8] All books retrieved: StatusResponseList(status=Success, message=Books retrieved successfully, data=[ResponseDataBook(IdBook=1, BookName=Clean Code, TotalPage=464, Publisher=Prentice Hall, Author=Robert C. Martin, ReleaseYear=2008, Stock=5, CoverBase64=null, CoverUrl=null), ResponseDataBook(IdBook=2, BookName=The Pragmatic Programmer, TotalPage=352, Publisher=Addison-Wesley, Author=Andrew Hunt, ReleaseYear=1999, Stock=3, CoverBase64=null, CoverUrl=null), ResponseDataBook(IdBook=3, BookName=Design Patterns, TotalPage=395, Publisher=Addison-Wesley, Author=Erich Gamma, ReleaseYear=1994, Stock=4, CoverBase64=null, CoverUrl=null), ResponseDataBook(IdBook=4, BookName=Introduction to Algorithms, TotalPage=1312, Publisher=MIT Press, Author=Thomas H. Cormen, ReleaseYear=2009, Stock=2, CoverBase64=null, CoverUrl=null), ResponseDataBook(IdBook=5, BookName=Refactoring, TotalPage=448, Publisher=Addison-Wesley, Author=Martin Fowler, ReleaseYear=2018, Stock=6, CoverBase64=null, CoverUrl=null), ResponseDataBook(IdBook=6, BookName=null, TotalPage=123, Publisher=kunkun, Author=me, ReleaseYear=2025, Stock=4, CoverBase64=null, CoverUrl=null)], responseCode=200, timestamp=30-12-2025 11:43:44)
2025-12-30 11:45:59,710 INFO com.example.library.controller.Admin.BookAdminController [http-nio-2112-exec-7] Get all books data with index: 1
2025-12-30 11:45:59,710 INFO com.example.library.Services.BookService [http-nio-2112-exec-7] Getting all books data
2025-12-30 11:45:59,711 INFO com.example.library.Services.BookService [http-nio-2112-exec-7] All books retrieved: StatusResponseList(status=Success, message=Books retrieved successfully, data=[ResponseDataBook(IdBook=7, BookName=sdsada, TotalPage=213, Publisher=dasda, Author=dsada, ReleaseYear=2025, Stock=9, CoverBase64=null, CoverUrl=null), ResponseDataBook(IdBook=8, BookName=dsda, TotalPage=2312, Publisher=dad, Author=grgsd`, ReleaseYear=2025, Stock=21, CoverBase64=null, CoverUrl=null)], responseCode=200, timestamp=30-12-2025 11:43:44)
2025-12-30 11:46:00,944 INFO com.example.library.controller.Admin.BookAdminController [http-nio-2112-exec-3] Get all books data with index: 0
2025-12-30 11:46:00,944 INFO com.example.library.Services.BookService [http-nio-2112-exec-3] Getting all books data
2025-12-30 11:46:00,953 INFO com.example.library.Services.BookService [http-nio-2112-exec-3] All books retrieved: StatusResponseList(status=Success, message=Books retrieved successfully, data=[ResponseDataBook(IdBook=1, BookName=Clean Code, TotalPage=464, Publisher=Prentice Hall, Author=Robert C. Martin, ReleaseYear=2008, Stock=5, CoverBase64=null, CoverUrl=null), ResponseDataBook(IdBook=2, BookName=The Pragmatic Programmer, TotalPage=352, Publisher=Addison-Wesley, Author=Andrew Hunt, ReleaseYear=1999, Stock=3, CoverBase64=null, CoverUrl=null), ResponseDataBook(IdBook=3, BookName=Design Patterns, TotalPage=395, Publisher=Addison-Wesley, Author=Erich Gamma, ReleaseYear=1994, Stock=4, CoverBase64=null, CoverUrl=null), ResponseDataBook(IdBook=4, BookName=Introduction to Algorithms, TotalPage=1312, Publisher=MIT Press, Author=Thomas H. Cormen, ReleaseYear=2009, Stock=2, CoverBase64=null, CoverUrl=null), ResponseDataBook(IdBook=5, BookName=Refactoring, TotalPage=448, Publisher=Addison-Wesley, Author=Martin Fowler, ReleaseYear=2018, Stock=6, CoverBase64=null, CoverUrl=null), ResponseDataBook(IdBook=6, BookName=null, TotalPage=123, Publisher=kunkun, Author=me, ReleaseYear=2025, Stock=4, CoverBase64=null, CoverUrl=null)], responseCode=200, timestamp=30-12-2025 11:43:44)
2025-12-30 12:00:34,401 INFO com.example.library.controller.Admin.LoanController [http-nio-2112-exec-2] Preparing to get all loans with index : 0
2025-12-30 12:00:34,401 INFO com.example.library.Services.LoanService [http-nio-2112-exec-2] Preparing to get all loans with index: 0
2025-12-30 12:00:34,441 INFO com.example.library.controller.Admin.LoanController [http-nio-2112-exec-6] Preparing to get all loans with index : 0
2025-12-30 12:00:34,441 INFO com.example.library.Services.LoanService [http-nio-2112-exec-6] Preparing to get all loans with index: 0
2025-12-30 12:05:23,257 INFO com.example.library.controller.Admin.BookAdminController [http-nio-2112-exec-3] Get all books data with index: 0
2025-12-30 12:05:23,257 INFO com.example.library.Services.BookService [http-nio-2112-exec-3] Getting all books data
2025-12-30 12:05:23,260 INFO com.example.library.Services.BookService [http-nio-2112-exec-3] All books retrieved: StatusResponseList(status=Success, message=Books retrieved successfully, data=[ResponseDataBook(IdBook=1, BookName=Clean Code, TotalPage=464, Publisher=Prentice Hall, Author=Robert C. Martin, ReleaseYear=2008, Stock=5, CoverBase64=null, CoverUrl=null), ResponseDataBook(IdBook=2, BookName=The Pragmatic Programmer, TotalPage=352, Publisher=Addison-Wesley, Author=Andrew Hunt, ReleaseYear=1999, Stock=3, CoverBase64=null, CoverUrl=null), ResponseDataBook(IdBook=3, BookName=Design Patterns, TotalPage=395, Publisher=Addison-Wesley, Author=Erich Gamma, ReleaseYear=1994, Stock=4, CoverBase64=null, CoverUrl=null), ResponseDataBook(IdBook=4, BookName=Introduction to Algorithms, TotalPage=1312, Publisher=MIT Press, Author=Thomas H. Cormen, ReleaseYear=2009, Stock=2, CoverBase64=null, CoverUrl=null), ResponseDataBook(IdBook=5, BookName=Refactoring, TotalPage=448, Publisher=Addison-Wesley, Author=Martin Fowler, ReleaseYear=2018, Stock=6, CoverBase64=null, CoverUrl=null), ResponseDataBook(IdBook=6, BookName=null, TotalPage=123, Publisher=kunkun, Author=me, ReleaseYear=2025, Stock=4, CoverBase64=null, CoverUrl=null)], responseCode=200, timestamp=30-12-2025 11:43:44)
2025-12-30 12:05:23,271 INFO com.example.library.controller.Admin.BookAdminController [http-nio-2112-exec-9] Get all books data with index: 1
2025-12-30 12:05:23,271 INFO com.example.library.Services.BookService [http-nio-2112-exec-9] Getting all books data
2025-12-30 12:05:23,274 INFO com.example.library.Services.BookService [http-nio-2112-exec-9] All books retrieved: StatusResponseList(status=Success, message=Books retrieved successfully, data=[ResponseDataBook(IdBook=7, BookName=sdsada, TotalPage=213, Publisher=dasda, Author=dsada, ReleaseYear=2025, Stock=9, CoverBase64=null, CoverUrl=null), ResponseDataBook(IdBook=8, BookName=dsda, TotalPage=2312, Publisher=dad, Author=grgsd`, ReleaseYear=2025, Stock=21, CoverBase64=null, CoverUrl=null)], responseCode=200, timestamp=30-12-2025 11:43:44)
2025-12-30 12:05:23,276 INFO com.example.library.controller.Admin.MemberController [http-nio-2112-exec-1] Getting all members with index : 0
2025-12-30 12:05:23,276 INFO com.example.library.Services.MemberService [http-nio-2112-exec-1] getting all members with index: 0
2025-12-30 12:09:31,262 INFO com.example.library.controller.Admin.BookAdminController [http-nio-2112-exec-8] Get all books data with index: 0
2025-12-30 12:09:31,263 INFO com.example.library.Services.BookService [http-nio-2112-exec-8] Getting all books data
2025-12-30 12:09:31,266 INFO com.example.library.Services.BookService [http-nio-2112-exec-8] All books retrieved: StatusResponseList(status=Success, message=Books retrieved successfully, data=[ResponseDataBook(IdBook=1, BookName=Clean Code, TotalPage=464, Publisher=Prentice Hall, Author=Robert C. Martin, ReleaseYear=2008, Stock=5, CoverBase64=null, CoverUrl=null), ResponseDataBook(IdBook=2, BookName=The Pragmatic Programmer, TotalPage=352, Publisher=Addison-Wesley, Author=Andrew Hunt, ReleaseYear=1999, Stock=3, CoverBase64=null, CoverUrl=null), ResponseDataBook(IdBook=3, BookName=Design Patterns, TotalPage=395, Publisher=Addison-Wesley, Author=Erich Gamma, ReleaseYear=1994, Stock=4, CoverBase64=null, CoverUrl=null), ResponseDataBook(IdBook=4, BookName=Introduction to Algorithms, TotalPage=1312, Publisher=MIT Press, Author=Thomas H. Cormen, ReleaseYear=2009, Stock=2, CoverBase64=null, CoverUrl=null), ResponseDataBook(IdBook=5, BookName=Refactoring, TotalPage=448, Publisher=Addison-Wesley, Author=Martin Fowler, ReleaseYear=2018, Stock=6, CoverBase64=null, CoverUrl=null), ResponseDataBook(IdBook=6, BookName=null, TotalPage=123, Publisher=kunkun, Author=me, ReleaseYear=2025, Stock=4, CoverBase64=null, CoverUrl=null)], responseCode=200, timestamp=30-12-2025 11:43:44)
2025-12-30 12:09:31,269 INFO com.example.library.controller.Admin.BookAdminController [http-nio-2112-exec-7] Get all books data with index: 1
2025-12-30 12:09:31,269 INFO com.example.library.Services.BookService [http-nio-2112-exec-7] Getting all books data
2025-12-30 12:09:31,278 INFO com.example.library.Services.BookService [http-nio-2112-exec-7] All books retrieved: StatusResponseList(status=Success, message=Books retrieved successfully, data=[ResponseDataBook(IdBook=7, BookName=sdsada, TotalPage=213, Publisher=dasda, Author=dsada, ReleaseYear=2025, Stock=9, CoverBase64=null, CoverUrl=null), ResponseDataBook(IdBook=8, BookName=dsda, TotalPage=2312, Publisher=dad, Author=grgsd`, ReleaseYear=2025, Stock=21, CoverBase64=null, CoverUrl=null)], responseCode=200, timestamp=30-12-2025 11:43:44)
2025-12-30 12:09:31,282 INFO com.example.library.controller.Admin.MemberController [http-nio-2112-exec-4] Getting all members with index : 0
2025-12-30 12:09:31,282 INFO com.example.library.Services.MemberService [http-nio-2112-exec-4] getting all members with index: 0
2025-12-30 13:31:42,319 WARN com.zaxxer.hikari.pool.HikariPool [HikariPool-1 housekeeper] HikariPool-1 - Thread starvation or clock leap detected (housekeeper delta=52m58s376ms359s600ns).
2025-12-30 16:02:40,902 WARN com.zaxxer.hikari.pool.HikariPool [HikariPool-1 housekeeper] HikariPool-1 - Thread starvation or clock leap detected (housekeeper delta=14m29s130ms330s400ns).
